Running 'gradlew :app:assembleDebug' in /home/expo/workingdir/build/android
Downloading https://services.gradle.org/distributions/gradle-8.14.3-bin.zip
10%
20%.
30%.
40%.
50%.
60%.
70%.
80%.
90%
100%
Welcome to Gradle 8.14.3!
Here are the highlights of this release:
 - Java 24 support
- GraalVM Native Image toolchain selection
 - Enhancements to test reporting
 - Build Authoring improvements
For more details see https://docs.gradle.org/8.14.3/release-notes.html
To honour the JVM settings for this build a single-use Daemon process will be forked. For more on this, please refer to https://docs.gradle.org/8.14.3/userguide/gradle_daemon.html#sec:disabling_the_daemon in the Gradle documentation.
Daemon will be stopped at the end of the build
> Configure project :expo-gradle-plugin:expo-autolinking-plugin
w: file:///home/expo/workingdir/build/node_modules/expo-modules-autolinking/android/expo-gradle-plugin/expo-autolinking-plugin/build.gradle.kts:25:3: 'kotlinOptions(KotlinJvmOptionsDeprecated /* = KotlinJvmOptions */.() -> Unit): Unit' is deprecated. Please migrate to the compilerOptions DSL. More details are here: https://kotl.in/u1r8ln
> Configure project :expo-gradle-plugin:expo-autolinking-settings-plugin
w: file:///home/expo/workingdir/build/node_modules/expo-modules-autolinking/android/expo-gradle-plugin/expo-autolinking-settings-plugin/build.gradle.kts:30:3: 'kotlinOptions(KotlinJvmOptionsDeprecated /* = KotlinJvmOptions */.() -> Unit): Unit' is deprecated. Please migrate to the compilerOptions DSL. More details are here: https://kotl.in/u1r8ln
> Task :expo-gradle-plugin:expo-autolinking-settings-plugin:checkKotlinGradlePluginConfigurationErrors SKIPPED
> Task :expo-gradle-plugin:expo-autolinking-plugin-shared:checkKotlinGradlePluginConfigurationErrors SKIPPED
> Task :gradle-plugin:settings-plugin:checkKotlinGradlePluginConfigurationErrors SKIPPED
> Task :gradle-plugin:shared:checkKotlinGradlePluginConfigurationErrors SKIPPED
> Task :expo-gradle-plugin:expo-autolinking-settings-plugin:pluginDescriptors
> Task :gradle-plugin:settings-plugin:pluginDescriptors
> Task :gradle-plugin:settings-plugin:processResources
> Task :expo-gradle-plugin:expo-autolinking-settings-plugin:processResources
> Task :expo-gradle-plugin:expo-autolinking-plugin-shared:processResources NO-SOURCE
> Task :gradle-plugin:shared:processResources NO-SOURCE
> Task :gradle-plugin:shared:compileKotlin
> Task :gradle-plugin:shared:compileJava NO-SOURCE
> Task :gradle-plugin:shared:classes UP-TO-DATE
> Task :gradle-plugin:shared:jar
> Task :expo-gradle-plugin:expo-autolinking-plugin-shared:compileKotlin
> Task :expo-gradle-plugin:expo-autolinking-plugin-shared:compileJava NO-SOURCE
> Task :expo-gradle-plugin:expo-autolinking-plugin-shared:classes UP-TO-DATE
> Task :expo-gradle-plugin:expo-autolinking-plugin-shared:jar
> Task :gradle-plugin:settings-plugin:compileKotlin
> Task :gradle-plugin:settings-plugin:compileJava NO-SOURCE
> Task :gradle-plugin:settings-plugin:classes
> Task :gradle-plugin:settings-plugin:jar
> Task :expo-gradle-plugin:expo-autolinking-settings-plugin:compileKotlin
> Task :expo-gradle-plugin:expo-autolinking-settings-plugin:compileJava NO-SOURCE
> Task :expo-gradle-plugin:expo-autolinking-settings-plugin:classes
> Task :expo-gradle-plugin:expo-autolinking-settings-plugin:jar
> Configure project :expo-dev-launcher-gradle-plugin
w: file:///home/expo/workingdir/build/node_modules/expo-dev-launcher/expo-dev-launcher-gradle-plugin/build.gradle.kts:25:3: 'kotlinOptions(KotlinJvmOptionsDeprecated /* = KotlinJvmOptions */.() -> Unit): Unit' is deprecated. Please migrate to the compilerOptions DSL. More details are here: https://kotl.in/u1r8ln
> Configure project :expo-module-gradle-plugin
w: file:///home/expo/workingdir/build/node_modules/expo-modules-core/expo-module-gradle-plugin/build.gradle.kts:58:3: 'kotlinOptions(KotlinJvmOptionsDeprecated /* = KotlinJvmOptions */.() -> Unit): Unit' is deprecated. Please migrate to the compilerOptions DSL. More details are here: https://kotl.in/u1r8ln
> Task :expo-gradle-plugin:expo-autolinking-plugin:checkKotlinGradlePluginConfigurationErrors SKIPPED
> Task :gradle-plugin:react-native-gradle-plugin:checkKotlinGradlePluginConfigurationErrors SKIPPED
> Task :expo-module-gradle-plugin:checkKotlinGradlePluginConfigurationErrors SKIPPED
> Task :expo-dev-launcher-gradle-plugin:checkKotlinGradlePluginConfigurationErrors SKIPPED
> Task :expo-dev-launcher-gradle-plugin:pluginDescriptors
> Task :expo-module-gradle-plugin:pluginDescriptors
> Task :expo-dev-launcher-gradle-plugin:processResources
> Task :expo-module-gradle-plugin:processResources
> Task :expo-gradle-plugin:expo-autolinking-plugin:pluginDescriptors
> Task :expo-gradle-plugin:expo-autolinking-plugin:processResources
> Task :expo-gradle-plugin:expo-autolinking-plugin:compileKotlin
> Task :expo-gradle-plugin:expo-autolinking-plugin:compileJava
NO-SOURCE
> Task :expo-gradle-plugin:expo-autolinking-plugin:classes
> Task :expo-gradle-plugin:expo-autolinking-plugin:jar
> Task :gradle-plugin:react-native-gradle-plugin:pluginDescriptors
> Task :gradle-plugin:react-native-gradle-plugin:processResources
> Task :gradle-plugin:react-native-gradle-plugin:compileKotlin
> Task :gradle-plugin:react-native-gradle-plugin:compileJava NO-SOURCE
> Task :gradle-plugin:react-native-gradle-plugin:classes
> Task :gradle-plugin:react-native-gradle-plugin:jar
> Task :expo-dev-launcher-gradle-plugin:compileKotlin
> Task :expo-dev-launcher-gradle-plugin:compileJava NO-SOURCE
> Task :expo-dev-launcher-gradle-plugin:classes
> Task :expo-dev-launcher-gradle-plugin:jar
> Task :expo-module-gradle-plugin:compileKotlin
w: file:///home/expo/workingdir/build/node_modules/expo-modules-core/expo-module-gradle-plugin/src/main/kotlin/expo/modules/plugin/android/AndroidLibraryExtension.kt:9:24 'var targetSdk: Int?' is deprecated. Will be removed from library DSL in v9.0. Use testOptions.targetSdk or/and lint.targetSdk instead.
> Task :expo-module-gradle-plugin:compileJava NO-SOURCE
> Task :expo-module-gradle-plugin:classes
> Task :expo-module-gradle-plugin:jar
> Configure project :
[32m[ExpoRootProject][0m Using the following versions:
  - buildTools:  [32m36.0.0[0m
  - minSdk:      [32m24[0m
  - compileSdk:  [32m36[0m
  - targetSdk:   [32m36[0m
  - ndk:         [32m27.1.12297006[0m
  - kotlin:      [32m2.1.20[0m
  - ksp:         [32m2.1.20-2.0.1[0m
> Configure project :app
 â„¹ï¸  [33mApplying gradle plugin[0m '[32mexpo-dev-launcher-gradle-plugin[0m'
> Configure project :expo
Using expo modules
  - [32mexpo-constants[0m (18.0.10)
  - [32mexpo-dev-client[0m (6.0.18)
  - [32mexpo-dev-launcher[0m (6.0.18)
- [32mexpo-dev-menu[0m (7.0.17)
- [32mexpo-dev-menu-interface[0m (2.0.0)
- [32mexpo-json-utils[0m (0.15.0)
- [32mexpo-manifests[0m (1.0.9)
- [32mexpo-modules-core[0m (3.0.26)
- [32mexpo-updates-interface[0m (2.0.0)
- [33m[ðŸ“¦][0m [32mexpo-asset[0m (12.0.10)
- [33m[ðŸ“¦][0m [32mexpo-file-system[0m (19.0.18)
  - [33m[ðŸ“¦][0m [32mexpo-font[0m (14.0.9)
- [33m[ðŸ“¦][0m [32mexpo-haptics[0m (15.0.7)
- [33m[ðŸ“¦][0m [32mexpo-keep-awake[0m (15.0.7)
Checking the license for package Android SDK Build-Tools 36 in /home/expo/Android/Sdk/licenses
License for package Android SDK Build-Tools 36 accepted.
Preparing "Install Android SDK Build-Tools 36 v.36.0.0".
"Install Android SDK Build-Tools 36 v.36.0.0" ready.
Installing Android SDK Build-Tools 36 in /home/expo/Android/Sdk/build-tools/36.0.0
"Install Android SDK Build-Tools 36 v.36.0.0" complete.
"Install Android SDK Build-Tools 36 v.36.0.0" finished.
[=========                              ] 25%                                   
[=========                              ] 25% Fetch remote repository...        
[=======================================] 100% Fetch remote repository...
> Task :expo-dev-client:preBuild UP-TO-DATE
> Task :expo-dev-launcher:preBuild UP-TO-DATE
> Task :expo-dev-menu:preBuild UP-TO-DATE
> Task :expo-dev-menu-interface:preBuild UP-TO-DATE
> Task :expo-json-utils:preBuild UP-TO-DATE
> Task :expo-manifests:preBuild UP-TO-DATE
> Task :expo-modules-core:preBuild UP-TO-DATE
> Task :expo-updates-interface:preBuild UP-TO-DATE
> Task :react-native-voice_voice:preBuild UP-TO-DATE
> Task :expo-dev-client:preDebugBuild UP-TO-DATE
> Task :expo-constants:createExpoConfig
The NODE_ENV environment variable is required but was not specified. Ensure the project is bundled with Expo CLI or NODE_ENV is set. Using only .env.local and .env
> Task :expo-constants:preBuild
> Task :expo-constants:preDebugBuild
> Task :expo:generatePackagesList
> Task :expo:preBuild
> Task :expo:preDebugBuild
> Task :expo-constants:writeDebugAarMetadata
> Task :expo-dev-launcher:preDebugBuild UP-TO-DATE
> Task :expo:writeDebugAarMetadata
> Task :expo-dev-menu:preDebugBuild UP-TO-DATE
> Task :expo-dev-launcher:writeDebugAarMetadata
> Task :expo-dev-menu-interface:preDebugBuild UP-TO-DATE
> Task :expo-dev-menu:writeDebugAarMetadata
> Task :expo-json-utils:preDebugBuild UP-TO-DATE
> Task :expo-dev-client:writeDebugAarMetadata
> Task :expo-manifests:preDebugBuild UP-TO-DATE
> Task :expo-dev-menu-interface:writeDebugAarMetadata
> Task :expo-modules-core:preDebugBuild UP-TO-DATE
> Task :expo-manifests:writeDebugAarMetadata
> Task :expo-updates-interface:preDebugBuild UP-TO-DATE
> Task :expo-json-utils:writeDebugAarMetadata
> Task :react-native-voice_voice:preDebugBuild UP-TO-DATE
> Task :expo-updates-interface:writeDebugAarMetadata
> Task :expo:generateDebugResValues
> Task :expo-modules-core:writeDebugAarMetadata
> Task :expo:generateDebugResources
> Task :expo-constants:generateDebugResValues
> Task :expo-constants:generateDebugResources
> Task :expo-constants:packageDebugResources
> Task :expo:packageDebugResources
> Task :expo-dev-launcher:generateDebugResValues
> Task :expo-dev-client:generateDebugResValues
> Task :expo-dev-client:generateDebugResources
> Task :expo-dev-launcher:generateDebugResources
> Task :expo-dev-client:packageDebugResources
> Task :expo-dev-menu:generateDebugResValues
> Task :expo-dev-menu:generateDebugResources
> Task :expo-dev-menu:packageDebugResources
> Task :expo-dev-launcher:packageDebugResources
> Task :expo-dev-menu-interface:generateDebugResValues
> Task :expo-json-utils:generateDebugResValues
> Task :expo-dev-menu-interface:generateDebugResources
> Task :expo-json-utils:generateDebugResources
> Task :expo-dev-menu-interface:packageDebugResources
> Task :expo-json-utils:packageDebugResources
> Task :expo-manifests:generateDebugResValues
> Task :expo-modules-core:generateDebugResValues
> Task :expo-manifests:generateDebugResources
> Task :expo-modules-core:generateDebugResources
> Task :expo-manifests:packageDebugResources
> Task :expo-updates-interface:generateDebugResValues
> Task :expo-modules-core:packageDebugResources
> Task :react-native-voice_voice:generateDebugResValues
> Task :expo-updates-interface:generateDebugResources
> Task :react-native-voice_voice:generateDebugResources
> Task :react-native-voice_voice:packageDebugResources
> Task :expo-updates-interface:packageDebugResources
> Task :expo:extractDeepLinksDebug
> Task :expo-constants:extractDeepLinksDebug
> Task :react-native-voice_voice:writeDebugAarMetadata
> Task :expo-dev-client:extractDeepLinksDebug
> Task :expo-constants:processDebugManifest
> Task :expo-dev-launcher:extractDeepLinksDebug
> Task :expo-dev-client:processDebugManifest
> Task :expo-dev-menu:extractDeepLinksDebug
> Task :expo:processDebugManifest
> Task :expo-dev-menu-interface:extractDeepLinksDebug
> Task :expo-dev-menu-interface:processDebugManifest
> Task :expo-dev-menu:processDebugManifest
> Task :expo-json-utils:extractDeepLinksDebug
> Task :expo-manifests:extractDeepLinksDebug
> Task :expo-manifests:processDebugManifest
> Task :expo-json-utils:processDebugManifest
> Task :expo-updates-interface:extractDeepLinksDebug
> Task :expo-modules-core:extractDeepLinksDebug
> Task :expo-dev-launcher:processDebugManifest
> Task :react-native-voice_voice:extractDeepLinksDebug
> Task :expo-updates-interface:processDebugManifest
> Task :react-native-voice_voice:processDebugManifest
package="com.wenkesj.voice" found in source AndroidManifest.xml: /home/expo/workingdir/build/node_modules/@react-native-voice/voice/android/src/main/AndroidManifest.xml.
Setting the namespace via the package attribute in the source AndroidManifest.xml is no longer supported, and the value is ignored.
Recommendation: remove package="com.wenkesj.voice" from the source AndroidManifest.xml: /home/expo/workingdir/build/node_modules/@react-native-voice/voice/android/src/main/AndroidManifest.xml.
> Task :expo-modules-core:processDebugManifest
/home/expo/workingdir/build/node_modules/expo-modules-core/android/src/main/AndroidManifest.xml:8:9-11:45 Warning:
	meta-data#com.facebook.soloader.enabled@android:value was tagged at AndroidManifest.xml:8 to replace other declarations but no other declaration present
> Task :expo:compileDebugLibraryResources
> Task :expo-dev-client:compileDebugLibraryResources
> Task :expo-constants:compileDebugLibraryResources
> Task :expo:parseDebugLocalResources
> Task :expo-constants:parseDebugLocalResources
> Task :expo-dev-client:parseDebugLocalResources
> Task :expo-constants:generateDebugRFile
> Task :expo:generateDebugRFile
> Task :expo-dev-launcher:parseDebugLocalResources
> Task :expo-dev-client:generateDebugRFile
> Task :expo-dev-launcher:compileDebugLibraryResources
> Task :expo-dev-launcher:generateDebugRFile
> Task :expo-dev-menu-interface:compileDebugLibraryResources
> Task :expo-dev-menu-interface:parseDebugLocalResources
> Task :expo-dev-menu:parseDebugLocalResources
> Task :expo-dev-menu:compileDebugLibraryResources
> Task :expo-dev-menu-interface:generateDebugRFile
> Task :expo-json-utils:compileDebugLibraryResources
> Task :expo-dev-menu:generateDebugRFile
> Task :expo-manifests:compileDebugLibraryResources
> Task :expo-modules-core:compileDebugLibraryResources
> Task :expo-json-utils:parseDebugLocalResources
> Task :expo-modules-core:parseDebugLocalResources
> Task :expo-manifests:parseDebugLocalResources
> Task :expo-json-utils:generateDebugRFile
> Task :expo-modules-core:generateDebugRFile
> Task :expo-manifests:generateDebugRFile
> Task :expo-updates-interface:compileDebugLibraryResources
> Task :expo:checkKotlinGradlePluginConfigurationErrors SKIPPED
> Task :react-native-voice_voice:compileDebugLibraryResources
> Task :expo-updates-interface:parseDebugLocalResources
> Task :expo:generateDebugBuildConfig
> Task :expo-constants:checkKotlinGradlePluginConfigurationErrors SKIPPED
> Task :react-native-voice_voice:parseDebugLocalResources
> Task :expo-constants:generateDebugBuildConfig
> Task :expo-modules-core:checkKotlinGradlePluginConfigurationErrors SKIPPED
> Task :expo-updates-interface:generateDebugRFile
> Task :react-native-voice_voice:generateDebugRFile
> Task :expo-dev-client:checkKotlinGradlePluginConfigurationErrors SKIPPED
> Task :expo-modules-core:generateDebugBuildConfig
> Task :expo-constants:javaPreCompileDebug
> Task :expo-dev-launcher:checkKotlinGradlePluginConfigurationErrors SKIPPED
> Task :expo-dev-client:dataBindingMergeDependencyArtifactsDebug
> Task :expo-dev-client:dataBindingGenBaseClassesDebug
> Task :expo-dev-client:generateDebugBuildConfig
> Task :expo-dev-client:javaPreCompileDebug
> Task :expo-dev-menu:checkKotlinGradlePluginConfigurationErrors SKIPPED
> Task :expo-dev-menu:generateDebugBuildConfig
> Task :expo-dev-menu-interface:checkKotlinGradlePluginConfigurationErrors SKIPPED
> Task :expo-dev-menu-interface:generateDebugBuildConfig
> Task :expo-dev-menu-interface:javaPreCompileDebug
> Task :expo-json-utils:checkKotlinGradlePluginConfigurationErrors SKIPPED
> Task :expo-json-utils:generateDebugBuildConfig
> Task :expo-json-utils:javaPreCompileDebug
> Task :expo-manifests:checkKotlinGradlePluginConfigurationErrors SKIPPED
> Task :expo-manifests:generateDebugBuildConfig
> Task :expo-manifests:javaPreCompileDebug
> Task :expo-dev-menu:javaPreCompileDebug
> Task :expo-updates-interface:checkKotlinGradlePluginConfigurationErrors SKIPPED
> Task :expo-updates-interface:generateDebugBuildConfig
> Task :expo-updates-interface:javaPreCompileDebug
> Task :expo:javaPreCompileDebug
> Task :react-native-voice_voice:generateDebugBuildConfig
> Task :react-native-voice_voice:javaPreCompileDebug
> Task :app:generateAutolinkingNewArchitectureFiles
> Task :app:generateAutolinkingPackageList
> Task :app:generateCodegenSchemaFromJavaScript SKIPPED
> Task :app:generateCodegenArtifactsFromSchema SKIPPED
> Task :app:generateReactNativeEntryPoint
> Task :app:preBuild
> Task :app:preDebugBuild
> Task :app:mergeDebugNativeDebugMetadata NO-SOURCE
> Task :app:checkKotlinGradlePluginConfigurationErrors SKIPPED
> Task :app:generateDebugBuildConfig
> Task :react-native-voice_voice:compileDebugJavaWithJavac
Note: Some input files use or override a deprecated API.
Note: Recompile with -Xlint:deprecation for details.
> Task :app:checkDebugAarMetadata
> Task :app:generateDebugResValues
> Task :expo-dev-launcher:dataBindingMergeDependencyArtifactsDebug
> Task :expo-modules-core:javaPreCompileDebug
> Task :app:mapDebugSourceSetPaths
> Task :app:generateDebugResources
> Task :react-native-voice_voice:bundleLibCompileToJarDebug
> Task :expo:mergeDebugShaders
> Task :expo:compileDebugShaders NO-SOURCE
> Task :expo:generateDebugAssets UP-TO-DATE
> Task :expo:mergeDebugAssets
> Task :expo-dev-launcher:dataBindingGenBaseClassesDebug
> Task :expo-dev-launcher:generateDebugBuildConfig
> Task :expo-constants:mergeDebugShaders
> Task :expo-constants:compileDebugShaders NO-SOURCE
> Task :expo-constants:generateDebugAssets UP-TO-DATE
> Task :expo-dev-launcher:checkApolloVersions
> Task :expo-constants:mergeDebugAssets
> Task :expo-dev-client:mergeDebugShaders
> Task :expo-dev-client:compileDebugShaders NO-SOURCE
> Task :expo-dev-client:generateDebugAssets UP-TO-DATE
> Task :expo-dev-client:mergeDebugAssets
> Task :expo-dev-menu:mergeDebugShaders
> Task :expo-dev-menu:compileDebugShaders NO-SOURCE
> Task :expo-dev-menu:generateDebugAssets UP-TO-DATE
> Task :expo-dev-menu:mergeDebugAssets
> Task :expo-dev-launcher:generateServiceApolloOptions
> Task :expo-dev-menu-interface:mergeDebugShaders
> Task :expo-dev-menu-interface:compileDebugShaders NO-SOURCE
> Task :expo-dev-menu-interface:generateDebugAssets UP-TO-DATE
> Task :expo-dev-menu-interface:mergeDebugAssets
> Task :expo-json-utils:mergeDebugShaders
> Task :expo-json-utils:compileDebugShaders NO-SOURCE
> Task :expo-json-utils:generateDebugAssets UP-TO-DATE
> Task :expo-json-utils:mergeDebugAssets
> Task :expo-manifests:mergeDebugShaders
> Task :expo-manifests:compileDebugShaders NO-SOURCE
> Task :expo-manifests:generateDebugAssets UP-TO-DATE
> Task :expo-manifests:mergeDebugAssets
> Task :expo-modules-core:mergeDebugShaders
> Task :expo-modules-core:compileDebugShaders NO-SOURCE
> Task :expo-modules-core:generateDebugAssets UP-TO-DATE
> Task :expo-modules-core:mergeDebugAssets
> Task :expo-updates-interface:mergeDebugShaders
> Task :expo-updates-interface:compileDebugShaders NO-SOURCE
> Task :expo-updates-interface:generateDebugAssets UP-TO-DATE
> Task :expo-updates-interface:mergeDebugAssets
> Task :react-native-voice_voice:mergeDebugShaders
> Task :react-native-voice_voice:compileDebugShaders NO-SOURCE
> Task :react-native-voice_voice:generateDebugAssets UP-TO-DATE
> Task :react-native-voice_voice:mergeDebugAssets
> Task :react-native-voice_voice:bundleLibRuntimeToJarDebug
> Task :expo-dev-launcher:javaPreCompileDebug
> Task :expo-dev-launcher:mergeDebugShaders
> Task :expo-dev-launcher:compileDebugShaders NO-SOURCE
> Task :expo-dev-launcher:generateDebugAssets UP-TO-DATE
> Task :expo-dev-launcher:generateServiceApolloSources
w: /home/expo/workingdir/build/node_modules/expo-dev-launcher/android/src/main/graphql/GetBranches.graphql: (21, 11): Apollo: Use of deprecated field `runtimeVersion`
w: /home/expo/workingdir/build/node_modules/expo-dev-launcher/android/src/main/graphql/GetBranches.graphql: (34, 3): Apollo: Variable `platform` is unused
w: /home/expo/workingdir/build/node_modules/expo-dev-launcher/android/src/main/graphql/GetUpdates.graphql: (14, 11): Apollo: Use of deprecated field `runtimeVersion`
> Task :expo-dev-launcher:mergeDebugAssets
> Task :app:packageDebugResources
> Task :app:createDebugCompatibleScreenManifests
> Task :app:extractDeepLinksDebug
> Task :app:parseDebugLocalResources
> Task :app:mergeDebugResources
> Task :react-native-voice_voice:processDebugJavaRes NO-SOURCE
> Task :expo:mergeDebugJniLibFolders
> Task :expo:mergeDebugNativeLibs
NO-SOURCE
> Task :expo:copyDebugJniLibsProjectOnly
> Task :expo-constants:mergeDebugJniLibFolders
> Task :expo-constants:mergeDebugNativeLibs NO-SOURCE
> Task :expo-constants:copyDebugJniLibsProjectOnly
> Task :expo-dev-client:mergeDebugJniLibFolders
> Task :expo-dev-client:mergeDebugNativeLibs NO-SOURCE
> Task :expo-dev-client:copyDebugJniLibsProjectOnly
> Task :expo-dev-launcher:mergeDebugJniLibFolders
> Task :expo-dev-launcher:mergeDebugNativeLibs NO-SOURCE
> Task :expo-dev-launcher:copyDebugJniLibsProjectOnly
> Task :expo-dev-menu:mergeDebugJniLibFolders
> Task :expo-dev-menu:mergeDebugNativeLibs NO-SOURCE
> Task :expo-dev-menu:copyDebugJniLibsProjectOnly
> Task :expo-dev-menu-interface:mergeDebugJniLibFolders
> Task :expo-dev-menu-interface:mergeDebugNativeLibs NO-SOURCE
> Task :expo-dev-menu-interface:copyDebugJniLibsProjectOnly
> Task :expo-json-utils:mergeDebugJniLibFolders
> Task :expo-json-utils:mergeDebugNativeLibs NO-SOURCE
> Task :expo-json-utils:copyDebugJniLibsProjectOnly
> Task :expo-manifests:mergeDebugJniLibFolders
> Task :expo-manifests:mergeDebugNativeLibs NO-SOURCE
> Task :expo-manifests:copyDebugJniLibsProjectOnly
> Task :app:processDebugMainManifest FAILED
[com.android.support:animated-vector-drawable:28.0.0] /home/expo/.gradle/caches/8.14.3/transforms/aa5e6cc35141492bbcae043be832c388/transformed/animated-vector-drawable-28.0.0/AndroidManifest.xml Warning:
	Namespace 'android.support.graphics.drawable' is used in multiple modules and/or libraries: com.android.support:animated-vector-drawable:28.0.0, com.android.support:support-vector-drawable:28.0.0. Please ensure that all modules and libraries have a unique namespace. For more information, See https://developer.android.com/studio/build/configure-app-module#set-namespace
[androidx.versionedparcelable:versionedparcelable:1.1.1] /home/expo/.gradle/caches/8.14.3/transforms/a98f0e4a12e242b067bb847e3b14bdf1/transformed/versionedparcelable-1.1.1/AndroidManifest.xml Warning:
	Namespace 'androidx.versionedparcelable' is used in multiple modules and/or libraries: androidx.versionedparcelable:versionedparcelable:1.1.1, com.android.support:versionedparcelable:28.0.0. Please ensure that all modules and libraries have a unique namespace. For more information, See https://developer.android.com/studio/build/configure-app-module#set-namespace
See https://developer.android.com/r/studio-ui/build/manifest-merger for more information about the manifest merger.
/home/expo/workingdir/build/android/app/src/debug/AndroidManifest.xml:28:18-86 Error:
	Attribute application@appComponentFactory value=(androidx.core.app.CoreComponentFactory) from [androidx.core:core:1.15.0] AndroidManifest.xml:28:18-86
	is also present at [com.android.support:support-compat:28.0.0] AndroidManifest.xml:22:18-91 value=(android.support.v4.app.CoreComponentFactory).
	Suggestion: add 'tools:replace="android:appComponentFactory"' to <application> element at AndroidManifest.xml:6:5-162 to override.
> Task :expo-modules-core:configureCMakeDebug[arm64-v8a]
Checking the license for package CMake 3.22.1 in /home/expo/Android/Sdk/licenses
License for package CMake 3.22.1 accepted.
Preparing "Install CMake 3.22.1 v.3.22.1".
"Install CMake 3.22.1 v.3.22.1" ready.
Installing CMake 3.22.1 in /home/expo/Android/Sdk/cmake/3.22.1
"Install CMake 3.22.1 v.3.22.1" complete.
"Install CMake 3.22.1 v.3.22.1" finished.
> Task :expo-modules-core:compileDebugKotlin
w: file:///home/expo/workingdir/build/node_modules/expo-modules-core/android/src/main/java/expo/modules/adapters/react/apploader/RNHeadlessAppLoader.kt:48:87 'val reactNativeHost: ReactNativeHost' is deprecated. You should not use ReactNativeHost directly in the New Architecture. Use ReactHost instead.
w: file:///home/expo/workingdir/build/node_modules/expo-modules-core/android/src/main/java/expo/modules/adapters/react/apploader/RNHeadlessAppLoader.kt:91:85 'val reactNativeHost: ReactNativeHost' is deprecated. You should not use ReactNativeHost directly in the New Architecture. Use ReactHost instead.
w: file:///home/expo/workingdir/build/node_modules/expo-modules-core/android/src/main/java/expo/modules/adapters/react/apploader/RNHeadlessAppLoader.kt:120:83 'val reactNativeHost: ReactNativeHost' is deprecated. You should not use ReactNativeHost directly in the New Architecture. Use ReactHost instead.
w: file:///home/expo/workingdir/build/node_modules/expo-modules-core/android/src/main/java/expo/modules/apploader/AppLoaderProvider.kt:34:52 Unchecked cast of 'Class<*>!' to 'Class<out HeadlessAppLoader>'.
w: file:///home/expo/workingdir/build/node_modules/expo-modules-core/android/src/main/java/expo/modules/kotlin/AppContext.kt:30:8 'typealias ErrorManagerModule = JSLoggerModule' is deprecated. Use JSLoggerModule instead.
w: file:///home/expo/workingdir/build/node_modules/expo-modules-core/android/src/main/java/expo/modules/kotlin/AppContext.kt:253:21 'typealias ErrorManagerModule = JSLoggerModule' is deprecated. Use JSLoggerModule instead.
w: file:///home/expo/workingdir/build/node_modules/expo-modules-core/android/src/main/java/expo/modules/kotlin/AppContext.kt:343:21 'val DEFAULT: Int' is deprecated. UIManagerType.DEFAULT will be deleted in the next release of React Native. Use [LEGACY] instead.
w: file:///home/expo/workingdir/build/node_modules/expo-modules-core/android/src/main/java/expo/modules/kotlin/defaultmodules/NativeModulesProxyModule.kt:16:5 'fun Constants(legacyConstantsProvider: () -> Map<String, Any?>): Unit' is deprecated. Use `Constant` or `Property` instead.
w: file:///home/expo/workingdir/build/node_modules/expo-modules-core/android/src/main/java/expo/modules/kotlin/jni/PromiseImpl.kt:65:51 'val errorManager: JSLoggerModule?' is deprecated. Use AppContext.jsLogger instead.
w: file:///home/expo/workingdir/build/node_modules/expo-modules-core/android/src/main/java/expo/modules/kotlin/jni/PromiseImpl.kt:69:22 'fun reportExceptionToLogBox(codedException: CodedException): Unit' is deprecated. Use appContext.jsLogger.error(...) instead.
w: file:///home/expo/workingdir/build/node_modules/expo-modules-core/android/src/main/java/expo/modules/kotlin/views/ViewDefinitionBuilder.kt:464:16 'val errorManager: JSLoggerModule?' is deprecated. Use AppContext.jsLogger instead.
w: file:///home/expo/workingdir/build/node_modules/expo-modules-core/android/src/main/java/expo/modules/kotlin/views/ViewDefinitionBuilder.kt:464:30 'fun reportExceptionToLogBox(codedException: CodedException): Unit' is deprecated. Use appContext.jsLogger.error(...) instead.
w: file:///home/expo/workingdir/build/node_modules/expo-modules-core/android/src/main/java/expo/modules/kotlin/views/ViewManagerDefinition.kt:41:16 'val errorManager: JSLoggerModule?' is deprecated. Use AppContext.jsLogger instead.
w: file:///home/expo/workingdir/build/node_modules/expo-modules-core/android/src/main/java/expo/modules/kotlin/views/ViewManagerDefinition.kt:41:30 'fun reportExceptionToLogBox(codedException: CodedException): Unit' is deprecated. Use appContext.jsLogger.error(...) instead.
[Incubating] Problems report is available at: file:///home/expo/workingdir/build/android/build/reports/problems/problems-report.html
Deprecated Gradle features were used in this build, making it incompatible with Gradle 9.0.
You can use '--warning-mode all' to show the individual deprecation warnings and determine if they come from your own scripts or plugins.
For more on this, please refer to https://docs.gradle.org/8.14.3/userguide/command_line_interface.html#sec:command_line_warnings in the Gradle documentation.
215 actionable tasks: 215 executed
FAILURE: Build failed with an exception.
* What went wrong:
Execution failed for task ':app:processDebugMainManifest'.
> Manifest merger failed with multiple errors, see logs
* Try:
> Run with --stacktrace option to get the stack trace.
> Run with --info or --debug option to get more log output.
> Run with --scan to get full insights.
> Get more help at https://help.gradle.org.
BUILD FAILED in 2m 16s
Error: Gradle build failed with unknown error. See logs for the "Run gradlew" phase for more information.